  Application.cpp
D:\VS_Projects\Cyclope\Cyclope\Cyclope\src\Game\Object.h(31,21): warning C4251: 'Cyclope::Object::name': class 'std::basic_string<char,std::char_traits<char>,std::allocator<char>>' needs to have dll-interface to be used by clients of class 'Cyclope::Object'
C:\Program Files\Microsoft Visual Studio\2022\Community\VC\Tools\MSVC\14.33.31629\include\xstring(5186): message : see declaration of 'std::basic_string<char,std::char_traits<char>,std::allocator<char>>'
D:\VS_Projects\Cyclope\Cyclope\Cyclope\src\Game\Object.h(34,33): warning C4251: 'Cyclope::Object::m_components': class 'std::vector<Cyclope::Component *,std::allocator<Cyclope::Component *>>' needs to have dll-interface to be used by clients of class 'Cyclope::Object'
D:\VS_Projects\Cyclope\Cyclope\Cyclope\src\Game\Object.h(34): message : see declaration of 'std::vector<Cyclope::Component *,std::allocator<Cyclope::Component *>>'
D:\VS_Projects\Cyclope\Cyclope\Cyclope\src\Game\Scene.h(21,24): warning C4251: 'Cyclope::Scene::m_objects': class 'std::vector<Cyclope::Object *,std::allocator<Cyclope::Object *>>' needs to have dll-interface to be used by clients of class 'Cyclope::Scene'
D:\VS_Projects\Cyclope\Cyclope\Cyclope\src\Game\Scene.h(21): message : see declaration of 'std::vector<Cyclope::Object *,std::allocator<Cyclope::Object *>>'
D:\VS_Projects\Cyclope\Cyclope\Cyclope\src\Input\Input.h(133,3): warning C4091: '__declspec(dllexport)': ignored on left of 'Cyclope::Keys' when no variable is declared
D:\VS_Projects\Cyclope\Cyclope\Cyclope\src\Input\Input.h(148,3): warning C4091: '__declspec(dllexport)': ignored on left of 'Cyclope::Buttons' when no variable is declared
D:\VS_Projects\Cyclope\Cyclope\Cyclope\src\Input\Input.h(153,3): warning C4091: '__declspec(dllexport)': ignored on left of 'Cyclope::CursorMode' when no variable is declared
D:\VS_Projects\Cyclope\Cyclope\Cyclope\src\Cyclope\Application.cpp(123,23): warning C4244: '=': conversion from 'double' to 'float', possible loss of data
D:\VS_Projects\Cyclope\Cyclope\Cyclope\src\Cyclope\Application.cpp(124,23): warning C4244: '=': conversion from 'double' to 'float', possible loss of data
  Object.cpp
D:\VS_Projects\Cyclope\Cyclope\Cyclope\src\Game\Object.h(31,21): warning C4251: 'Cyclope::Object::name': class 'std::basic_string<char,std::char_traits<char>,std::allocator<char>>' needs to have dll-interface to be used by clients of class 'Cyclope::Object'
C:\Program Files\Microsoft Visual Studio\2022\Community\VC\Tools\MSVC\14.33.31629\include\xstring(5186): message : see declaration of 'std::basic_string<char,std::char_traits<char>,std::allocator<char>>'
D:\VS_Projects\Cyclope\Cyclope\Cyclope\src\Game\Object.h(34,33): warning C4251: 'Cyclope::Object::m_components': class 'std::vector<Cyclope::Component *,std::allocator<Cyclope::Component *>>' needs to have dll-interface to be used by clients of class 'Cyclope::Object'
D:\VS_Projects\Cyclope\Cyclope\Cyclope\src\Game\Object.h(34): message : see declaration of 'std::vector<Cyclope::Component *,std::allocator<Cyclope::Component *>>'
  Scene.cpp
D:\VS_Projects\Cyclope\Cyclope\Cyclope\src\Game\Object.h(31,21): warning C4251: 'Cyclope::Object::name': class 'std::basic_string<char,std::char_traits<char>,std::allocator<char>>' needs to have dll-interface to be used by clients of class 'Cyclope::Object'
C:\Program Files\Microsoft Visual Studio\2022\Community\VC\Tools\MSVC\14.33.31629\include\xstring(5186): message : see declaration of 'std::basic_string<char,std::char_traits<char>,std::allocator<char>>'
D:\VS_Projects\Cyclope\Cyclope\Cyclope\src\Game\Object.h(34,33): warning C4251: 'Cyclope::Object::m_components': class 'std::vector<Cyclope::Component *,std::allocator<Cyclope::Component *>>' needs to have dll-interface to be used by clients of class 'Cyclope::Object'
D:\VS_Projects\Cyclope\Cyclope\Cyclope\src\Game\Object.h(34): message : see declaration of 'std::vector<Cyclope::Component *,std::allocator<Cyclope::Component *>>'
D:\VS_Projects\Cyclope\Cyclope\Cyclope\src\Game\Scene.h(21,24): warning C4251: 'Cyclope::Scene::m_objects': class 'std::vector<Cyclope::Object *,std::allocator<Cyclope::Object *>>' needs to have dll-interface to be used by clients of class 'Cyclope::Scene'
D:\VS_Projects\Cyclope\Cyclope\Cyclope\src\Game\Scene.h(21): message : see declaration of 'std::vector<Cyclope::Object *,std::allocator<Cyclope::Object *>>'
  Input.cpp
D:\VS_Projects\Cyclope\Cyclope\Cyclope\src\Input\Input.h(133,3): warning C4091: '__declspec(dllexport)': ignored on left of 'Cyclope::Keys' when no variable is declared
D:\VS_Projects\Cyclope\Cyclope\Cyclope\src\Input\Input.h(148,3): warning C4091: '__declspec(dllexport)': ignored on left of 'Cyclope::Buttons' when no variable is declared
D:\VS_Projects\Cyclope\Cyclope\Cyclope\src\Input\Input.h(153,3): warning C4091: '__declspec(dllexport)': ignored on left of 'Cyclope::CursorMode' when no variable is declared
  Maths.cpp
D:\VS_Projects\Cyclope\Cyclope\Cyclope\src\Maths\Maths.cpp(297,85): warning C4244: 'argument': conversion from 'double' to 'T', possible loss of data
          with
          [
              T=float
          ]
D:\VS_Projects\Cyclope\Cyclope\Cyclope\src\Maths\Maths.cpp(297,60): warning C4244: 'argument': conversion from 'double' to 'T', possible loss of data
          with
          [
              T=float
          ]
D:\VS_Projects\Cyclope\Cyclope\Cyclope\src\Maths\Maths.cpp(297,35): warning C4244: 'argument': conversion from 'double' to 'T', possible loss of data
          with
          [
              T=float
          ]
D:\VS_Projects\Cyclope\Cyclope\Cyclope\src\Maths\Maths.cpp(333,11): warning C4244: 'initializing': conversion from 'double' to 'float', possible loss of data
D:\VS_Projects\Cyclope\Cyclope\Cyclope\src\Maths\Maths.cpp(334,11): warning C4244: 'initializing': conversion from 'double' to 'float', possible loss of data
D:\VS_Projects\Cyclope\Cyclope\Cyclope\src\Maths\Maths.cpp(335,11): warning C4244: 'initializing': conversion from 'double' to 'float', possible loss of data
D:\VS_Projects\Cyclope\Cyclope\Cyclope\src\Maths\Maths.cpp(336,11): warning C4244: 'initializing': conversion from 'double' to 'float', possible loss of data
D:\VS_Projects\Cyclope\Cyclope\Cyclope\src\Maths\Maths.cpp(343,95): warning C4244: 'argument': conversion from 'double' to 'const T', possible loss of data
          with
          [
              T=float
          ]
D:\VS_Projects\Cyclope\Cyclope\Cyclope\src\Maths\Maths.cpp(343,89): warning C4244: 'argument': conversion from 'double' to 'const T', possible loss of data
          with
          [
              T=float
          ]
D:\VS_Projects\Cyclope\Cyclope\Cyclope\src\Maths\Maths.cpp(343,83): warning C4244: 'argument': conversion from 'double' to 'const T', possible loss of data
          with
          [
              T=float
          ]
D:\VS_Projects\Cyclope\Cyclope\Cyclope\src\Maths\Maths.cpp(343,77): warning C4244: 'argument': conversion from 'double' to 'const T', possible loss of data
          with
          [
              T=float
          ]
D:\VS_Projects\Cyclope\Cyclope\Cyclope\src\Maths\Maths.cpp(343,60): warning C4244: 'argument': conversion from 'double' to 'const T', possible loss of data
          with
          [
              T=float
          ]
D:\VS_Projects\Cyclope\Cyclope\Cyclope\src\Maths\Maths.cpp(343,54): warning C4244: 'argument': conversion from 'double' to 'const T', possible loss of data
          with
          [
              T=float
          ]
D:\VS_Projects\Cyclope\Cyclope\Cyclope\src\Maths\Maths.cpp(343,48): warning C4244: 'argument': conversion from 'double' to 'const T', possible loss of data
          with
          [
              T=float
          ]
D:\VS_Projects\Cyclope\Cyclope\Cyclope\src\Maths\Maths.cpp(343,42): warning C4244: 'argument': conversion from 'double' to 'const T', possible loss of data
          with
          [
              T=float
          ]
D:\VS_Projects\Cyclope\Cyclope\Cyclope\src\Maths\Maths.cpp(353,30): warning C4244: '=': conversion from 'double' to 'T', possible loss of data
          with
          [
              T=float
          ]
D:\VS_Projects\Cyclope\Cyclope\Cyclope\src\Maths\Maths.cpp(358,31): warning C4244: '=': conversion from 'double' to 'T', possible loss of data
          with
          [
              T=float
          ]
D:\VS_Projects\Cyclope\Cyclope\Cyclope\src\Maths\Maths.cpp(360,31): warning C4244: '=': conversion from 'double' to 'T', possible loss of data
          with
          [
              T=float
          ]
D:\VS_Projects\Cyclope\Cyclope\Cyclope\src\Maths\Maths.cpp(365,30): warning C4244: '=': conversion from 'double' to 'T', possible loss of data
          with
          [
              T=float
          ]
D:\VS_Projects\Cyclope\Cyclope\Cyclope\src\Maths\Maths.cpp(373,47): warning C4244: 'argument': conversion from 'double' to 'const T', possible loss of data
          with
          [
              T=float
          ]
D:\VS_Projects\Cyclope\Cyclope\Cyclope\src\Maths\Maths.cpp(373,38): warning C4244: 'argument': conversion from 'double' to 'const T', possible loss of data
          with
          [
              T=float
          ]
D:\VS_Projects\Cyclope\Cyclope\Cyclope\src\Maths\Maths.cpp(373,29): warning C4244: 'argument': conversion from 'double' to 'const T', possible loss of data
          with
          [
              T=float
          ]
D:\VS_Projects\Cyclope\Cyclope\Cyclope\src\Maths\Maths.cpp(373,20): warning C4244: 'argument': conversion from 'double' to 'const T', possible loss of data
          with
          [
              T=float
          ]
D:\VS_Projects\Cyclope\Cyclope\Cyclope\src\Maths\Maths.cpp(374,32): warning C4244: 'argument': conversion from 'double' to 'const T', possible loss of data
          with
          [
              T=float
          ]
D:\VS_Projects\Cyclope\Cyclope\Cyclope\src\Maths\Maths.cpp(374,27): warning C4244: 'argument': conversion from 'double' to 'const T', possible loss of data
          with
          [
              T=float
          ]
D:\VS_Projects\Cyclope\Cyclope\Cyclope\src\Maths\Maths.cpp(374,22): warning C4244: 'argument': conversion from 'double' to 'const T', possible loss of data
          with
          [
              T=float
          ]
D:\VS_Projects\Cyclope\Cyclope\Cyclope\src\Maths\Maths.cpp(374,17): warning C4244: 'argument': conversion from 'double' to 'const T', possible loss of data
          with
          [
              T=float
          ]
D:\VS_Projects\Cyclope\Cyclope\Cyclope\src\Maths\Maths.cpp(410,58): warning C4244: 'argument': conversion from 'double' to 'const T', possible loss of data
          with
          [
              T=float
          ]
D:\VS_Projects\Cyclope\Cyclope\Cyclope\src\Maths\Maths.cpp(410,49): warning C4244: 'argument': conversion from 'double' to 'const T', possible loss of data
          with
          [
              T=float
          ]
D:\VS_Projects\Cyclope\Cyclope\Cyclope\src\Maths\Maths.cpp(410,40): warning C4244: 'argument': conversion from 'double' to 'const T', possible loss of data
          with
          [
              T=float
          ]
D:\VS_Projects\Cyclope\Cyclope\Cyclope\src\Maths\Maths.cpp(410,31): warning C4244: 'argument': conversion from 'double' to 'const T', possible loss of data
          with
          [
              T=float
          ]
  Shader.cpp
  glad.c
     Creating library D:\VS_Projects\Cyclope\Cyclope\bin\Release-x64\Cyclope\Cyclope.lib and object D:\VS_Projects\Cyclope\Cyclope\bin\Release-x64\Cyclope\Cyclope.exp
LINK : warning LNK4098: defaultlib 'MSVCRTD' conflicts with use of other libs; use /NODEFAULTLIB:library
  Generating code
D:\VS_Projects\Cyclope\Cyclope\Cyclope\src\Rendering\Shader.cpp(14): warning C4715: 'Cyclope::TypeFromString': not all control paths return a value
  483 of 750 functions (64.4%) were compiled, the rest were copied from previous compilation.
    371 functions were new in current compilation
    34 functions had inline decision re-evaluated but remain unchanged
  Finished generating code
  Cyclope.vcxproj -> D:\VS_Projects\Cyclope\Cyclope\bin\Release-x64\Cyclope\Cyclope.dll
