d:\vs_projects\cyclope\cyclope\bin-int\release-x64\cyclope\vc143.pdb
d:\vs_projects\cyclope\cyclope\bin-int\release-x64\cyclope\maths.obj
d:\vs_projects\cyclope\cyclope\bin-int\release-x64\cyclope\scene.obj
d:\vs_projects\cyclope\cyclope\bin-int\release-x64\cyclope\object.obj
d:\vs_projects\cyclope\cyclope\bin-int\release-x64\cyclope\application.obj
d:\vs_projects\cyclope\cyclope\bin\release-x64\cyclope\cyclope.lib
d:\vs_projects\cyclope\cyclope\bin\release-x64\cyclope\cyclope.exp
d:\vs_projects\cyclope\cyclope\bin\release-x64\cyclope\cyclope.dll
d:\vs_projects\cyclope\cyclope\bin-int\release-x64\cyclope\cyclope.ipdb
d:\vs_projects\cyclope\cyclope\bin\release-x64\cyclope\cyclope.pdb
d:\vs_projects\cyclope\cyclope\bin-int\release-x64\cyclope\cyclope.iobj
d:\vs_projects\cyclope\cyclope\bin-int\release-x64\cyclope\test.obj
d:\vs_projects\cyclope\cyclope\bin-int\release-x64\cyclope\vc142.pdb
d:\vs_projects\cyclope\cyclope\bin-int\release-x64\cyclope\cyclope.vcxproj.filelistabsolute.txt
d:\vs_projects\cyclope\cyclope\bin-int\release-x64\cyclope\cyclope.tlog\cl.command.1.tlog
d:\vs_projects\cyclope\cyclope\bin-int\release-x64\cyclope\cyclope.tlog\cl.read.1.tlog
d:\vs_projects\cyclope\cyclope\bin-int\release-x64\cyclope\cyclope.tlog\cl.write.1.tlog
d:\vs_projects\cyclope\cyclope\bin-int\release-x64\cyclope\cyclope.tlog\cyclope.write.1u.tlog
d:\vs_projects\cyclope\cyclope\bin-int\release-x64\cyclope\cyclope.tlog\link.command.1.tlog
d:\vs_projects\cyclope\cyclope\bin-int\release-x64\cyclope\cyclope.tlog\link.read.1.tlog
d:\vs_projects\cyclope\cyclope\bin-int\release-x64\cyclope\cyclope.tlog\link.write.1.tlog
